<?xml version="1.0" encoding="UTF-8"?>
<testng-results ignored="0" total="1" passed="1" failed="0" skipped="0">
  <reporter-output>
    <line>
      <![CDATA[Navigate to https://www.amazon.in/]]>
    </line>
    <line>
      <![CDATA[Validating next element is present Open Menu]]>
    </line>
    <line>
      <![CDATA[Clicking Open Menu]]>
    </line>
    <line>
      <![CDATA[Validating next element is present TV, Appliances, Electronics]]>
    </line>
    <line>
      <![CDATA[Clicking TV, Appliances, Electronics]]>
    </line>
    <line>
      <![CDATA[Validating next element is present Televisions]]>
    </line>
    <line>
      <![CDATA[Clicking Televisions]]>
    </line>
    <line>
      <![CDATA[Validating next element is present ]]>
    </line>
    <line>
      <![CDATA[Clicking ]]>
    </line>
    <line>
      <![CDATA[Validating next element is present Sort by:]]>
    </line>
    <line>
      <![CDATA[Clicking Price: High to Low]]>
    </line>
    <line>
      <![CDATA[Validating next element is present Sort by:]]>
    </line>
    <line>
      <![CDATA[Clicking ]]>
    </line>
    <line>
      <![CDATA[Validating next element is present ]]>
    </line>
    <line>
      <![CDATA[Scroll to element ]]>
    </line>
    <line>
      <![CDATA[Validating next element is present ]]>
    </line>
  </reporter-output>
  <suite started-at="2022-10-23T19:16:39 BOT" name="ChromeRemoteSuite" finished-at="2022-10-23T19:16:58 BOT" duration-ms="19234">
    <groups>
    </groups>
    <test started-at="2022-10-23T19:16:39 BOT" name="Chrome" finished-at="2022-10-23T19:16:58 BOT" duration-ms="19234">
      <class name="Amazon_Tests">
        <test-method is-config="true" signature="Setup(java.lang.String)[pri:0, instance:Amazon_Tests@60dcc9fe]" started-at="2022-10-23T19:16:39 BOT" name="Setup" finished-at="2022-10-23T19:16:47 BOT" duration-ms="7896" status="PASS">
          <params>
            <param index="0">
              <value>
                <![CDATA[Remote]]>
              </value>
            </param>
          </params>
          <reporter-output>
            <line>
              <![CDATA[Navigate to https://www.amazon.in/]]>
            </line>
          </reporter-output>
        </test-method> <!-- Setup -->
        <test-method signature="Tes01()[pri:0, instance:Amazon_Tests@60dcc9fe]" started-at="2022-10-23T19:16:47 BOT" name="Tes01" finished-at="2022-10-23T19:16:58 BOT" duration-ms="11260" status="PASS">
          <reporter-output>
            <line>
              <![CDATA[Validating next element is present Open Menu]]>
            </line>
            <line>
              <![CDATA[Clicking Open Menu]]>
            </line>
            <line>
              <![CDATA[Validating next element is present TV, Appliances, Electronics]]>
            </line>
            <line>
              <![CDATA[Clicking TV, Appliances, Electronics]]>
            </line>
            <line>
              <![CDATA[Validating next element is present Televisions]]>
            </line>
            <line>
              <![CDATA[Clicking Televisions]]>
            </line>
            <line>
              <![CDATA[Validating next element is present ]]>
            </line>
            <line>
              <![CDATA[Clicking ]]>
            </line>
            <line>
              <![CDATA[Validating next element is present Sort by:]]>
            </line>
            <line>
              <![CDATA[Clicking Price: High to Low]]>
            </line>
            <line>
              <![CDATA[Validating next element is present Sort by:]]>
            </line>
            <line>
              <![CDATA[Clicking ]]>
            </line>
            <line>
              <![CDATA[Validating next element is present ]]>
            </line>
            <line>
              <![CDATA[Scroll to element ]]>
            </line>
            <line>
              <![CDATA[Validating next element is present ]]>
            </line>
          </reporter-output>
        </test-method> <!-- Tes01 -->
        <test-method is-config="true" signature="Cleanup()[pri:0, instance:Amazon_Tests@60dcc9fe]" started-at="2022-10-23T19:16:58 BOT" name="Cleanup" finished-at="2022-10-23T19:16:58 BOT" duration-ms="55" status="PASS">
          <reporter-output>
          </reporter-output>
        </test-method> <!-- Cleanup -->
      </class> <!-- Amazon_Tests -->
    </test> <!-- Chrome -->
  </suite> <!-- ChromeRemoteSuite -->
</testng-results>
